  Graphics.cpp
C:\Users\Вася\source\repos\Graphics\Graphics\Graphics.cpp(75,12): warning C4244: аргумент: преобразование "time_t" в "unsigned int", возможна потеря данных
C:\Users\Вася\source\repos\Graphics\Graphics\Graphics.cpp(229,15): warning C4244: инициализация: преобразование "double" в "int", возможна потеря данных
C:\Users\Вася\source\repos\Graphics\Graphics\Graphics.cpp(267,13): warning C4244: =: преобразование "double" в "int", возможна потеря данных
C:\Users\Вася\source\repos\Graphics\Graphics\Graphics.cpp(288,31): warning C4244: аргумент: преобразование "int" в "float", возможна потеря данных
C:\Users\Вася\source\repos\Graphics\Graphics\Graphics.cpp(288,24): warning C4244: аргумент: преобразование "int" в "float", возможна потеря данных
C:\Users\Вася\source\repos\Graphics\Graphics\Graphics.cpp(289,22): warning C4244: аргумент: преобразование "int" в "float", возможна потеря данных
C:\Users\Вася\source\repos\Graphics\Graphics\Graphics.cpp(289,14): warning C4244: аргумент: преобразование "int" в "float", возможна потеря данных
C:\Users\Вася\source\repos\Graphics\Graphics\Graphics.cpp(295,27): warning C4244: аргумент: преобразование "double" в "GLint", возможна потеря данных
C:\Users\Вася\source\repos\Graphics\Graphics\Graphics.cpp(297,27): warning C4244: аргумент: преобразование "double" в "GLint", возможна потеря данных
C:\Users\Вася\source\repos\Graphics\Graphics\Graphics.cpp(299,46): warning C4244: аргумент: преобразование "int" в "float", возможна потеря данных
C:\Users\Вася\source\repos\Graphics\Graphics\Graphics.cpp(299,26): warning C4244: аргумент: преобразование "double" в "float", возможна потеря данных
C:\Users\Вася\source\repos\Graphics\Graphics\Graphics.cpp(315,67): warning C4244: аргумент: преобразование "int" в "float", возможна потеря данных
C:\Users\Вася\source\repos\Graphics\Graphics\Graphics.cpp(315,40): warning C4244: аргумент: преобразование "int" в "float", возможна потеря данных
C:\Users\Вася\source\repos\Graphics\Graphics\Graphics.cpp(330,60): warning C4244: аргумент: преобразование "int" в "float", возможна потеря данных
C:\Users\Вася\source\repos\Graphics\Graphics\Graphics.cpp(330,26): warning C4244: аргумент: преобразование "int" в "float", возможна потеря данных
C:\Users\Вася\source\repos\Graphics\Graphics\Graphics.cpp(340,37): warning C4244: аргумент: преобразование "double" в "GLint", возможна потеря данных
C:\Users\Вася\source\repos\Graphics\Graphics\Graphics.cpp(340,17): warning C4244: аргумент: преобразование "double" в "GLint", возможна потеря данных
C:\Users\Вася\source\repos\Graphics\Graphics\Graphics.cpp(342,54): warning C4244: аргумент: преобразование "double" в "GLint", возможна потеря данных
C:\Users\Вася\source\repos\Graphics\Graphics\Graphics.cpp(342,28): warning C4244: аргумент: преобразование "double" в "GLint", возможна потеря данных
C:\Users\Вася\source\repos\Graphics\Graphics\Graphics.cpp(349,47): warning C4244: аргумент: преобразование "double" в "GLint", возможна потеря данных
C:\Users\Вася\source\repos\Graphics\Graphics\Graphics.cpp(349,27): warning C4244: аргумент: преобразование "double" в "GLint", возможна потеря данных
C:\Users\Вася\source\repos\Graphics\Graphics\Graphics.cpp(397,13): warning C4244: =: преобразование "double" в "int", возможна потеря данных
C:\Users\Вася\source\repos\Graphics\Graphics\Graphics.cpp(419,18): warning C4244: аргумент: преобразование "int" в "float", возможна потеря данных
C:\Users\Вася\source\repos\Graphics\Graphics\Graphics.cpp(420,22): warning C4244: аргумент: преобразование "int" в "float", возможна потеря данных
C:\Users\Вася\source\repos\Graphics\Graphics\Graphics.cpp(420,14): warning C4244: аргумент: преобразование "int" в "float", возможна потеря данных
C:\Users\Вася\source\repos\Graphics\Graphics\Graphics.cpp(426,16): warning C4244: аргумент: преобразование "double" в "GLint", возможна потеря данных
C:\Users\Вася\source\repos\Graphics\Graphics\Graphics.cpp(428,16): warning C4244: аргумент: преобразование "double" в "GLint", возможна потеря данных
C:\Users\Вася\source\repos\Graphics\Graphics\Graphics.cpp(430,35): warning C4244: аргумент: преобразование "int" в "float", возможна потеря данных
C:\Users\Вася\source\repos\Graphics\Graphics\Graphics.cpp(430,15): warning C4244: аргумент: преобразование "double" в "float", возможна потеря данных
C:\Users\Вася\source\repos\Graphics\Graphics\Graphics.cpp(447,41): warning C4244: аргумент: преобразование "int" в "float", возможна потеря данных
C:\Users\Вася\source\repos\Graphics\Graphics\Graphics.cpp(460,47): warning C4244: аргумент: преобразование "int" в "float", возможна потеря данных
C:\Users\Вася\source\repos\Graphics\Graphics\Graphics.cpp(468,16): warning C4244: аргумент: преобразование "double" в "GLint", возможна потеря данных
C:\Users\Вася\source\repos\Graphics\Graphics\Graphics.cpp(470,36): warning C4244: аргумент: преобразование "double" в "GLint", возможна потеря данных
C:\Users\Вася\source\repos\Graphics\Graphics\Graphics.cpp(470,16): warning C4244: аргумент: преобразование "double" в "GLint", возможна потеря данных
C:\Users\Вася\source\repos\Graphics\Graphics\Graphics.cpp(475,36): warning C4244: аргумент: преобразование "double" в "GLint", возможна потеря данных
C:\Users\Вася\source\repos\Graphics\Graphics\Graphics.cpp(475,16): warning C4244: аргумент: преобразование "double" в "GLint", возможна потеря данных
C:\Users\Вася\source\repos\Graphics\Graphics\Graphics.cpp(488,15): warning C4244: инициализация: преобразование "double" в "int", возможна потеря данных
C:\Users\Вася\source\repos\Graphics\Graphics\Graphics.cpp(508,13): warning C4244: =: преобразование "double" в "int", возможна потеря данных
C:\Users\Вася\source\repos\Graphics\Graphics\Graphics.cpp(548,14): warning C4244: аргумент: преобразование "int" в "float", возможна потеря данных
C:\Users\Вася\source\repos\Graphics\Graphics\Graphics.cpp(577,14): warning C4244: аргумент: преобразование "int" в "float", возможна потеря данных
C:\Users\Вася\source\repos\Graphics\Graphics\Graphics.cpp(578,22): warning C4244: аргумент: преобразование "int" в "float", возможна потеря данных
C:\Users\Вася\source\repos\Graphics\Graphics\Graphics.cpp(578,14): warning C4244: аргумент: преобразование "int" в "float", возможна потеря данных
C:\Users\Вася\source\repos\Graphics\Graphics\Graphics.cpp(584,20): warning C4244: аргумент: преобразование "double" в "GLint", возможна потеря данных
C:\Users\Вася\source\repos\Graphics\Graphics\Graphics.cpp(586,25): warning C4244: аргумент: преобразование "double" в "GLint", возможна потеря данных
C:\Users\Вася\source\repos\Graphics\Graphics\Graphics.cpp(588,24): warning C4244: аргумент: преобразование "double" в "float", возможна потеря данных
C:\Users\Вася\source\repos\Graphics\Graphics\Graphics.cpp(588,15): warning C4244: аргумент: преобразование "int" в "float", возможна потеря данных
C:\Users\Вася\source\repos\Graphics\Graphics\Graphics.cpp(594,16): warning C4244: аргумент: преобразование "double" в "GLint", возможна потеря данных
C:\Users\Вася\source\repos\Graphics\Graphics\Graphics.cpp(596,16): warning C4244: аргумент: преобразование "double" в "GLint", возможна потеря данных
C:\Users\Вася\source\repos\Graphics\Graphics\Graphics.cpp(604,43): warning C4244: аргумент: преобразование "int" в "float", возможна потеря данных
C:\Users\Вася\source\repos\Graphics\Graphics\Graphics.cpp(604,20): warning C4244: аргумент: преобразование "double" в "float", возможна потеря данных
C:\Users\Вася\source\repos\Graphics\Graphics\Graphics.cpp(611,16): warning C4244: аргумент: преобразование "double" в "GLint", возможна потеря данных
C:\Users\Вася\source\repos\Graphics\Graphics\Graphics.cpp(613,33): warning C4244: аргумент: преобразование "double" в "GLint", возможна потеря данных
C:\Users\Вася\source\repos\Graphics\Graphics\Graphics.cpp(613,16): warning C4244: аргумент: преобразование "double" в "GLint", возможна потеря данных
C:\Users\Вася\source\repos\Graphics\Graphics\Graphics.cpp(617,16): warning C4244: аргумент: преобразование "double" в "GLint", возможна потеря данных
C:\Users\Вася\source\repos\Graphics\Graphics\Graphics.cpp(619,39): warning C4244: аргумент: преобразование "double" в "GLint", возможна потеря данных
C:\Users\Вася\source\repos\Graphics\Graphics\Graphics.cpp(619,16): warning C4244: аргумент: преобразование "double" в "GLint", возможна потеря данных
C:\Users\Вася\source\repos\Graphics\Graphics\Graphics.cpp(623,33): warning C4244: аргумент: преобразование "double" в "GLint", возможна потеря данных
C:\Users\Вася\source\repos\Graphics\Graphics\Graphics.cpp(623,16): warning C4244: аргумент: преобразование "double" в "GLint", возможна потеря данных
C:\Users\Вася\source\repos\Graphics\Graphics\Graphics.cpp(625,39): warning C4244: аргумент: преобразование "double" в "GLint", возможна потеря данных
C:\Users\Вася\source\repos\Graphics\Graphics\Graphics.cpp(625,16): warning C4244: аргумент: преобразование "double" в "GLint", возможна потеря данных
C:\Users\Вася\source\repos\Graphics\Graphics\Graphics.cpp(492,15): warning C4101: f: неиспользованная локальная переменная
C:\Users\Вася\source\repos\Graphics\Graphics\Graphics.cpp(732,18): warning C4244: аргумент: преобразование "int" в "GLfloat", возможна потеря данных
C:\Users\Вася\source\repos\Graphics\Graphics\Graphics.cpp(732,15): warning C4244: аргумент: преобразование "int" в "GLfloat", возможна потеря данных
C:\Users\Вася\source\repos\Graphics\Graphics\Graphics.cpp(732,12): warning C4244: аргумент: преобразование "int" в "GLfloat", возможна потеря данных
C:\Users\Вася\source\repos\Graphics\Graphics\Graphics.cpp(787,56): warning C4267: инициализация: преобразование из "size_t" в "UINT"; возможна потеря данных
C:\Users\Вася\source\repos\Graphics\Graphics\Graphics.cpp(788,55): warning C4267: инициализация: преобразование из "size_t" в "UINT"; возможна потеря данных
C:\Users\Вася\source\repos\Graphics\Graphics\Graphics.cpp(789,56): warning C4267: инициализация: преобразование из "size_t" в "UINT"; возможна потеря данных
C:\Users\Вася\source\repos\Graphics\Graphics\Graphics.cpp(838,56): warning C4267: инициализация: преобразование из "size_t" в "UINT"; возможна потеря данных
C:\Users\Вася\source\repos\Graphics\Graphics\Graphics.cpp(839,55): warning C4267: инициализация: преобразование из "size_t" в "UINT"; возможна потеря данных
C:\Users\Вася\source\repos\Graphics\Graphics\Graphics.cpp(840,56): warning C4267: инициализация: преобразование из "size_t" в "UINT"; возможна потеря данных
C:\Users\Вася\source\repos\Graphics\Graphics\Graphics.cpp(889,56): warning C4267: инициализация: преобразование из "size_t" в "UINT"; возможна потеря данных
C:\Users\Вася\source\repos\Graphics\Graphics\Graphics.cpp(890,55): warning C4267: инициализация: преобразование из "size_t" в "UINT"; возможна потеря данных
C:\Users\Вася\source\repos\Graphics\Graphics\Graphics.cpp(891,56): warning C4267: инициализация: преобразование из "size_t" в "UINT"; возможна потеря данных
  Graphics.vcxproj -> C:\Users\Вася\source\repos\Graphics\x64\Debug\Graphics.exe
